  [1m[35m (405.5ms)[0m  [1m[35mCREATE DATABASE "music_app_development" ENCODING = 'unicode'[0m
  ↳ /Users/jameshubert/.rvm/gems/ruby-2.5.3/gems/rake-13.0.0/lib/rake/task.rb:280
  [1m[35m (206.7ms)[0m  [1m[35mCREATE DATABASE "music_app_test" ENCODING = 'unicode'[0m
  ↳ /Users/jameshubert/.rvm/gems/ruby-2.5.3/gems/rake-13.0.0/lib/rake/task.rb:280
  [1m[35m (54.4ms)[0m  [1m[35mCREATE TABLE "schema_migrations" ("version" character varying NOT NULL PRIMARY KEY)[0m
  ↳ /Users/jameshubert/.rvm/gems/ruby-2.5.3/gems/rake-13.0.0/lib/rake/task.rb:280
  [1m[35m (8.1ms)[0m  [1m[35mCREATE TABLE "ar_internal_metadata" ("key" character varying NOT NULL PRIMARY KEY, "value" character varying, "created_at" timestamp NOT NULL, "updated_at" timestamp NOT NULL)[0m
  ↳ /Users/jameshubert/.rvm/gems/ruby-2.5.3/gems/rake-13.0.0/lib/rake/task.rb:280
  [1m[35m (1.6ms)[0m  [1m[34mSELECT pg_try_advisory_lock(4505726345591715405)[0m
  ↳ /Users/jameshubert/.rvm/gems/ruby-2.5.3/gems/rake-13.0.0/lib/rake/task.rb:280
  [1m[35m (1.2ms)[0m  [1m[34mSELECT "schema_migrations"."version" FROM "schema_migrations" ORDER BY "schema_migrations"."version" ASC[0m
  ↳ /Users/jameshubert/.rvm/gems/ruby-2.5.3/gems/rake-13.0.0/lib/rake/task.rb:280
Migrating to CreateUsers (20191105185036)
  [1m[35m (3.4ms)[0m  [1m[35mBEGIN[0m
  ↳ /Users/jameshubert/.rvm/gems/ruby-2.5.3/gems/rake-13.0.0/lib/rake/task.rb:280
  [1m[35m (16.5ms)[0m  [1m[35mCREATE TABLE "users" ("id" bigserial primary key, "email" character varying NOT NULL, "password_digest" character varying NOT NULL, "session_token" character varying NOT NULL, "created_at" timestamp NOT NULL, "updated_at" timestamp NOT NULL)[0m
  ↳ db/migrate/20191105185036_create_users.rb:3
  [1m[35m (3.4ms)[0m  [1m[35mCREATE  INDEX  "index_users_on_email" ON "users"  ("email")[0m
  ↳ db/migrate/20191105185036_create_users.rb:3
  [1m[35m (1.2ms)[0m  [1m[35mCREATE  INDEX  "index_users_on_session_token" ON "users"  ("session_token")[0m
  ↳ db/migrate/20191105185036_create_users.rb:3
  [1m[36mActiveRecord::SchemaMigration Create (6.6ms)[0m  [1m[32mINSERT INTO "schema_migrations" ("version") VALUES ($1) RETURNING "version"[0m  [["version", "20191105185036"]]
  ↳ /Users/jameshubert/.rvm/gems/ruby-2.5.3/gems/rake-13.0.0/lib/rake/task.rb:280
  [1m[35m (0.4ms)[0m  [1m[35mCOMMIT[0m
  ↳ /Users/jameshubert/.rvm/gems/ruby-2.5.3/gems/rake-13.0.0/lib/rake/task.rb:280
  [1m[36mActiveRecord::InternalMetadata Load (1.3ms)[0m  [1m[34mSELECT  "ar_internal_metadata".* FROM "ar_internal_metadata" WHERE "ar_internal_metadata"."key" = $1 LIMIT $2[0m  [["key", "environment"], ["LIMIT", 1]]
  ↳ /Users/jameshubert/.rvm/gems/ruby-2.5.3/gems/rake-13.0.0/lib/rake/task.rb:280
  [1m[35m (0.2ms)[0m  [1m[35mBEGIN[0m
  ↳ /Users/jameshubert/.rvm/gems/ruby-2.5.3/gems/rake-13.0.0/lib/rake/task.rb:280
  [1m[36mActiveRecord::InternalMetadata Create (1.4ms)[0m  [1m[32mINSERT INTO "ar_internal_metadata" ("key", "value", "created_at", "updated_at") VALUES ($1, $2, $3, $4) RETURNING "key"[0m  [["key", "environment"], ["value", "development"], ["created_at", "2019-11-05 18:59:56.411488"], ["updated_at", "2019-11-05 18:59:56.411488"]]
  ↳ /Users/jameshubert/.rvm/gems/ruby-2.5.3/gems/rake-13.0.0/lib/rake/task.rb:280
  [1m[35m (0.5ms)[0m  [1m[35mCOMMIT[0m
  ↳ /Users/jameshubert/.rvm/gems/ruby-2.5.3/gems/rake-13.0.0/lib/rake/task.rb:280
  [1m[35m (0.4ms)[0m  [1m[34mSELECT pg_advisory_unlock(4505726345591715405)[0m
  ↳ /Users/jameshubert/.rvm/gems/ruby-2.5.3/gems/rake-13.0.0/lib/rake/task.rb:280
  [1m[35m (0.4ms)[0m  [1m[34mSELECT "schema_migrations"."version" FROM "schema_migrations" ORDER BY "schema_migrations"."version" ASC[0m
  ↳ /Users/jameshubert/.rvm/gems/ruby-2.5.3/gems/rake-13.0.0/lib/rake/task.rb:280
  [1m[35m (6.2ms)[0m  [1m[35mCREATE DATABASE "music_app_development" ENCODING = 'unicode'[0m
  ↳ bin/rails:9
  [1m[35m (0.7ms)[0m  [1m[35mCREATE DATABASE "music_app_test" ENCODING = 'unicode'[0m
  ↳ bin/rails:9
  [1m[35m (0.8ms)[0m  [1m[35mBEGIN[0m
  [1m[36mUser Exists (6.8ms)[0m  [1m[34mSELECT  1 AS one FROM "users" WHERE "users"."email" = $1 LIMIT $2[0m  [["email", "james@email.com"], ["LIMIT", 1]]
  [1m[35m (0.4ms)[0m  [1m[31mROLLBACK[0m
