  [1m[35m (192.1ms)[0m  [1m[35mCREATE DATABASE "ninety_nine_cats_development" ENCODING = 'unicode'[0m
  [1m[35m (86.0ms)[0m  [1m[35mCREATE DATABASE "ninety_nine_cats_test" ENCODING = 'unicode'[0m
  [1m[35m (34.9ms)[0m  [1m[35mCREATE TABLE "schema_migrations" ("version" character varying NOT NULL PRIMARY KEY)[0m
  [1m[35m (4.0ms)[0m  [1m[35mCREATE TABLE "ar_internal_metadata" ("key" character varying NOT NULL PRIMARY KEY, "value" character varying, "created_at" timestamp(6) NOT NULL, "updated_at" timestamp(6) NOT NULL)[0m
  [1m[35m (0.9ms)[0m  [1m[34mSELECT pg_try_advisory_lock(723150122408807205)[0m
  [1m[35m (0.7ms)[0m  [1m[34mSELECT "schema_migrations"."version" FROM "schema_migrations" ORDER BY "schema_migrations"."version" ASC[0m
Migrating to CreateCats (20191101184819)
  [1m[35m (1.1ms)[0m  [1m[35mBEGIN[0m
  [1m[35m (14.4ms)[0m  [1m[35mCREATE TABLE "cats" ("id" bigserial primary key, "birth_date" date NOT NULL, "color" character varying, "name" character varying NOT NULL, "sex" character varying NOT NULL, "description" character varying, "created_at" timestamp(6) NOT NULL, "updated_at" timestamp(6) NOT NULL)[0m
  [1m[35m (3.9ms)[0m  [1m[35mCREATE  INDEX  "index_cats_on_name" ON "cats"  ("name")[0m
  [1m[35m (2.1ms)[0m  [1m[35mCREATE  INDEX  "index_cats_on_birth_date" ON "cats"  ("birth_date")[0m
  [1m[36mprimary::SchemaMigration Create (7.4ms)[0m  [1m[32mINSERT INTO "schema_migrations" ("version") VALUES ($1) RETURNING "version"[0m  [["version", "20191101184819"]]
  [1m[35m (0.8ms)[0m  [1m[35mCOMMIT[0m
  [1m[36mActiveRecord::InternalMetadata Load (0.8ms)[0m  [1m[34mSELECT "ar_internal_metadata".* FROM "ar_internal_metadata" WHERE "ar_internal_metadata"."key" = $1 LIMIT $2[0m  [["key", "environment"], ["LIMIT", 1]]
  [1m[35m (0.2ms)[0m  [1m[35mBEGIN[0m
  [1m[36mActiveRecord::InternalMetadata Create (4.9ms)[0m  [1m[32mINSERT INTO "ar_internal_metadata" ("key", "value", "created_at", "updated_at") VALUES ($1, $2, $3, $4) RETURNING "key"[0m  [["key", "environment"], ["value", "development"], ["created_at", "2019-11-01 18:53:41.224279"], ["updated_at", "2019-11-01 18:53:41.224279"]]
  [1m[35m (0.7ms)[0m  [1m[35mCOMMIT[0m
  [1m[35m (0.4ms)[0m  [1m[34mSELECT pg_advisory_unlock(723150122408807205)[0m
  [1m[35m (1.1ms)[0m  [1m[34mSELECT "schema_migrations"."version" FROM "schema_migrations" ORDER BY "schema_migrations"."version" ASC[0m
  [1m[35m (0.3ms)[0m  [1m[35mBEGIN[0m
  [1m[36mCat Create (5.1ms)[0m  [1m[32mINSERT INTO "cats" ("birth_date", "color", "name", "sex", "description", "created_at", "updated_at") VALUES ($1, $2, $3, $4, $5, $6, $7) RETURNING "id"[0m  [["birth_date", "2019-11-01"], ["color", "brown"], ["name", "Milton"], ["sex", "M"], ["description", "a good cat, very decent"], ["created_at", "2019-11-01 19:29:55.362490"], ["updated_at", "2019-11-01 19:29:55.362490"]]
  [1m[35m (0.7ms)[0m  [1m[35mCOMMIT[0m
  [1m[36mCat Load (1.2ms)[0m  [1m[34mSELECT "cats".* FROM "cats"[0m
  [1m[36mCat Load (0.6ms)[0m  [1m[34mSELECT "cats".* FROM "cats" ORDER BY "cats"."id" DESC LIMIT $1[0m  [["LIMIT", 1]]
  [1m[35m (1.6ms)[0m  [1m[34mSELECT "schema_migrations"."version" FROM "schema_migrations" ORDER BY "schema_migrations"."version" ASC[0m
  [1m[35m (0.3ms)[0m  [1m[35mBEGIN[0m
  [1m[36mCat Create (1.4ms)[0m  [1m[32mINSERT INTO "cats" ("birth_date", "color", "name", "sex", "description", "created_at", "updated_at") VALUES ($1, $2, $3, $4, $5, $6, $7) RETURNING "id"[0m  [["birth_date", "2001-10-20"], ["color", "grey"], ["name", "Polka"], ["sex", "M"], ["description", "Bomb cat!"], ["created_at", "2019-11-01 19:38:00.840446"], ["updated_at", "2019-11-01 19:38:00.840446"]]
  [1m[35m (2.4ms)[0m  [1m[35mCOMMIT[0m
  [1m[35m (0.2ms)[0m  [1m[35mBEGIN[0m
  [1m[36mCat Create (0.4ms)[0m  [1m[32mINSERT INTO "cats" ("birth_date", "color", "name", "sex", "description", "created_at", "updated_at") VALUES ($1, $2, $3, $4, $5, $6, $7) RETURNING "id"[0m  [["birth_date", "2010-10-20"], ["color", "brown"], ["name", "Chester Cheeto"], ["sex", "M"], ["description", "Dangerously cheesy"], ["created_at", "2019-11-01 19:38:00.849181"], ["updated_at", "2019-11-01 19:38:00.849181"]]
  [1m[35m (0.3ms)[0m  [1m[35mCOMMIT[0m
  [1m[35m (0.2ms)[0m  [1m[35mBEGIN[0m
  [1m[36mCat Create (0.4ms)[0m  [1m[32mINSERT INTO "cats" ("birth_date", "color", "name", "sex", "description", "created_at", "updated_at") VALUES ($1, $2, $3, $4, $5, $6, $7) RETURNING "id"[0m  [["birth_date", "2015-06-06"], ["color", "black"], ["name", "Doja Cat"], ["sex", "F"], ["description", "Definitely a cat"], ["created_at", "2019-11-01 19:38:00.853659"], ["updated_at", "2019-11-01 19:38:00.853659"]]
  [1m[35m (0.6ms)[0m  [1m[35mCOMMIT[0m
  [1m[36mCat Load (1.4ms)[0m  [1m[34mSELECT "cats".* FROM "cats"[0m
  [1m[35m (1.4ms)[0m  [1m[34mSELECT "schema_migrations"."version" FROM "schema_migrations" ORDER BY "schema_migrations"."version" ASC[0m
  [1m[36mCat Load (1.1ms)[0m  [1m[34mSELECT "cats".* FROM "cats"[0m
  [1m[35m (0.2ms)[0m  [1m[35mBEGIN[0m
  [1m[36mCat Destroy (2.9ms)[0m  [1m[31mDELETE FROM "cats" WHERE "cats"."id" = $1[0m  [["id", 1]]
  [1m[35m (0.5ms)[0m  [1m[35mCOMMIT[0m
  [1m[35m (0.1ms)[0m  [1m[35mBEGIN[0m
  [1m[36mCat Destroy (0.6ms)[0m  [1m[31mDELETE FROM "cats" WHERE "cats"."id" = $1[0m  [["id", 2]]
  [1m[35m (0.4ms)[0m  [1m[35mCOMMIT[0m
  [1m[35m (0.2ms)[0m  [1m[35mBEGIN[0m
  [1m[36mCat Destroy (0.3ms)[0m  [1m[31mDELETE FROM "cats" WHERE "cats"."id" = $1[0m  [["id", 3]]
  [1m[35m (0.3ms)[0m  [1m[35mCOMMIT[0m
  [1m[35m (0.5ms)[0m  [1m[35mBEGIN[0m
  [1m[36mCat Destroy (0.4ms)[0m  [1m[31mDELETE FROM "cats" WHERE "cats"."id" = $1[0m  [["id", 4]]
  [1m[35m (0.4ms)[0m  [1m[35mCOMMIT[0m
  [1m[35m (0.2ms)[0m  [1m[35mBEGIN[0m
  [1m[36mCat Create (0.6ms)[0m  [1m[32mINSERT INTO "cats" ("birth_date", "color", "name", "sex", "description", "created_at", "updated_at") VALUES ($1, $2, $3, $4, $5, $6, $7) RETURNING "id"[0m  [["birth_date", "2001-10-20"], ["color", "grey"], ["name", "Polka"], ["sex", "M"], ["description", "Bomb cat!"], ["created_at", "2019-11-01 19:39:13.142445"], ["updated_at", "2019-11-01 19:39:13.142445"]]
  [1m[35m (0.4ms)[0m  [1m[35mCOMMIT[0m
  [1m[35m (0.1ms)[0m  [1m[35mBEGIN[0m
  [1m[36mCat Create (0.7ms)[0m  [1m[32mINSERT INTO "cats" ("birth_date", "color", "name", "sex", "description", "created_at", "updated_at") VALUES ($1, $2, $3, $4, $5, $6, $7) RETURNING "id"[0m  [["birth_date", "2010-10-20"], ["color", "brown"], ["name", "Chester Cheeto"], ["sex", "M"], ["description", "Dangerously cheesy"], ["created_at", "2019-11-01 19:39:13.147273"], ["updated_at", "2019-11-01 19:39:13.147273"]]
  [1m[35m (0.4ms)[0m  [1m[35mCOMMIT[0m
  [1m[35m (0.1ms)[0m  [1m[35mBEGIN[0m
  [1m[36mCat Create (0.4ms)[0m  [1m[32mINSERT INTO "cats" ("birth_date", "color", "name", "sex", "description", "created_at", "updated_at") VALUES ($1, $2, $3, $4, $5, $6, $7) RETURNING "id"[0m  [["birth_date", "2015-06-06"], ["color", "black"], ["name", "Doja Cat"], ["sex", "F"], ["description", "Definitely a cat"], ["created_at", "2019-11-01 19:39:13.152823"], ["updated_at", "2019-11-01 19:39:13.152823"]]
  [1m[35m (0.3ms)[0m  [1m[35mCOMMIT[0m
  [1m[36mCat Load (0.9ms)[0m  [1m[34mSELECT "cats".* FROM "cats"[0m
Started GET "/cats" for ::1 at 2019-11-01 16:38:59 -0400
  [1m[35m (1.5ms)[0m  [1m[34mSELECT "schema_migrations"."version" FROM "schema_migrations" ORDER BY "schema_migrations"."version" ASC[0m
Processing by CatsController#index as HTML
Completed 500 Internal Server Error in 11ms (ActiveRecord: 0.0ms | Allocations: 2600)



NameError - uninitialized constant CatsController::Cats
Did you mean?  Cat:
  app/controllers/cats_controller.rb:3:in `index'

Started POST "/__better_errors/4a831abd376c77c3/variables" for ::1 at 2019-11-01 16:38:59 -0400
Started GET "/cats" for ::1 at 2019-11-01 16:39:55 -0400
Processing by CatsController#index as HTML
  Rendering cats/index.html.erb within layouts/application
  Rendered cats/index.html.erb within layouts/application (Duration: 2.3ms | Allocations: 393)
[Webpacker] Compiling…
[Webpacker] Compilation failed:
/Users/work/.rbenv/versions/2.5.1/bin/ruby: No such file or directory -- ./bin/webpack (LoadError)

Completed 500 Internal Server Error in 528ms (ActiveRecord: 0.0ms | Allocations: 309783)



Webpacker::Manifest::MissingEntryError - Webpacker can't find application in /Users/work/Desktop/aA-github-projects/w6d5/ninety_nine_cats/public/packs/manifest.json. Possible causes:
1. You want to set webpacker.yml value of compile to true for your environment
   unless you are using the `webpack -w` or the webpack-dev-server.
2. webpack has not yet re-run to reflect updates.
3. You have misconfigured Webpacker's config/webpacker.yml file.
4. Your webpack configuration is not creating a manifest.
Your manifest contains:
{
}
:
  app/views/layouts/application.html.erb:9
  app/controllers/cats_controller.rb:5:in `index'

Started POST "/__better_errors/1fec05c322ba4793/variables" for ::1 at 2019-11-01 16:39:56 -0400
  [1m[36mCat Load (1.6ms)[0m  [1m[34mSELECT "cats".* FROM "cats" LIMIT $1[0m  [["LIMIT", 11]]
  [1m[36mCACHE Cat Load (0.0ms)[0m  [1m[34mSELECT "cats".* FROM "cats" LIMIT $1[0m  [["LIMIT", 11]]
  [1m[36mCACHE Cat Load (0.1ms)[0m  [1m[34mSELECT "cats".* FROM "cats" LIMIT $1[0m  [["LIMIT", 11]]
  [1m[36mCACHE Cat Load (0.0ms)[0m  [1m[34mSELECT "cats".* FROM "cats" LIMIT $1[0m  [["LIMIT", 11]]
  [1m[36mCACHE Cat Load (0.0ms)[0m  [1m[34mSELECT "cats".* FROM "cats" LIMIT $1[0m  [["LIMIT", 11]]
  [1m[36mCACHE Cat Load (0.0ms)[0m  [1m[34mSELECT "cats".* FROM "cats" LIMIT $1[0m  [["LIMIT", 11]]
  [1m[36mCACHE Cat Load (0.0ms)[0m  [1m[34mSELECT "cats".* FROM "cats" LIMIT $1[0m  [["LIMIT", 11]]
  [1m[36mCACHE Cat Load (0.0ms)[0m  [1m[34mSELECT "cats".* FROM "cats" LIMIT $1[0m  [["LIMIT", 11]]
  [1m[36mCACHE Cat Load (0.0ms)[0m  [1m[34mSELECT "cats".* FROM "cats" LIMIT $1[0m  [["LIMIT", 11]]
Started GET "/cats" for ::1 at 2019-11-01 16:41:09 -0400
  [1m[35m (1.6ms)[0m  [1m[34mSELECT "schema_migrations"."version" FROM "schema_migrations" ORDER BY "schema_migrations"."version" ASC[0m
Processing by CatsController#index as HTML
  Rendering cats/index.html.erb within layouts/application
  Rendered cats/index.html.erb within layouts/application (Duration: 3.1ms | Allocations: 393)
[Webpacker] Compiling…
[Webpacker] Compilation failed:
/Users/work/.rbenv/versions/2.5.1/bin/ruby: No such file or directory -- ./bin/webpack (LoadError)

Completed 500 Internal Server Error in 384ms (ActiveRecord: 0.0ms | Allocations: 295267)



Webpacker::Manifest::MissingEntryError - Webpacker can't find application in /Users/work/Desktop/aA-github-projects/w6d5/ninety_nine_cats/public/packs/manifest.json. Possible causes:
1. You want to set webpacker.yml value of compile to true for your environment
   unless you are using the `webpack -w` or the webpack-dev-server.
2. webpack has not yet re-run to reflect updates.
3. You have misconfigured Webpacker's config/webpacker.yml file.
4. Your webpack configuration is not creating a manifest.
Your manifest contains:
{
}
:
  app/views/layouts/application.html.erb:9
  app/controllers/cats_controller.rb:5:in `index'

Started POST "/__better_errors/0c39b55f902cf610/variables" for ::1 at 2019-11-01 16:41:10 -0400
  [1m[36mCat Load (0.7ms)[0m  [1m[34mSELECT "cats".* FROM "cats" LIMIT $1[0m  [["LIMIT", 11]]
  [1m[36mCACHE Cat Load (0.1ms)[0m  [1m[34mSELECT "cats".* FROM "cats" LIMIT $1[0m  [["LIMIT", 11]]
  [1m[36mCACHE Cat Load (0.0ms)[0m  [1m[34mSELECT "cats".* FROM "cats" LIMIT $1[0m  [["LIMIT", 11]]
  [1m[36mCACHE Cat Load (0.0ms)[0m  [1m[34mSELECT "cats".* FROM "cats" LIMIT $1[0m  [["LIMIT", 11]]
  [1m[36mCACHE Cat Load (0.0ms)[0m  [1m[34mSELECT "cats".* FROM "cats" LIMIT $1[0m  [["LIMIT", 11]]
  [1m[36mCACHE Cat Load (0.0ms)[0m  [1m[34mSELECT "cats".* FROM "cats" LIMIT $1[0m  [["LIMIT", 11]]
  [1m[36mCACHE Cat Load (0.0ms)[0m  [1m[34mSELECT "cats".* FROM "cats" LIMIT $1[0m  [["LIMIT", 11]]
  [1m[36mCACHE Cat Load (0.0ms)[0m  [1m[34mSELECT "cats".* FROM "cats" LIMIT $1[0m  [["LIMIT", 11]]
  [1m[36mCACHE Cat Load (0.0ms)[0m  [1m[34mSELECT "cats".* FROM "cats" LIMIT $1[0m  [["LIMIT", 11]]
Started GET "/cats" for ::1 at 2019-11-01 16:42:49 -0400
  [1m[35m (1.3ms)[0m  [1m[34mSELECT "schema_migrations"."version" FROM "schema_migrations" ORDER BY "schema_migrations"."version" ASC[0m
Processing by CatsController#index as HTML
Completed 200 OK in 10ms (Views: 0.2ms | ActiveRecord: 0.0ms | Allocations: 269)


Started GET "/cats" for ::1 at 2019-11-01 16:43:21 -0400
Processing by CatsController#index as HTML
Completed 200 OK in 4ms (Views: 0.2ms | ActiveRecord: 0.0ms | Allocations: 839)


Started GET "/cats" for ::1 at 2019-11-01 16:43:22 -0400
Processing by CatsController#index as HTML
Completed 200 OK in 1ms (Views: 0.3ms | ActiveRecord: 0.0ms | Allocations: 179)


Started GET "/cats" for ::1 at 2019-11-01 16:43:43 -0400
Processing by CatsController#index as HTML
  [1m[36mCat Load (1.2ms)[0m  [1m[34mSELECT "cats".* FROM "cats"[0m
  ↳ app/controllers/cats_controller.rb:7:in `index'
Completed 200 OK in 30ms (Views: 17.2ms | ActiveRecord: 8.8ms | Allocations: 8060)


Started GET "/cats" for ::1 at 2019-11-01 16:44:17 -0400
Processing by CatsController#index as HTML
  Rendering cats/index.html.erb within layouts/application
  Rendered cats/index.html.erb within layouts/application (Duration: 2.8ms | Allocations: 372)
[Webpacker] Compiling…
[Webpacker] Compilation failed:
/Users/work/.rbenv/versions/2.5.1/bin/ruby: No such file or directory -- ./bin/webpack (LoadError)

Completed 500 Internal Server Error in 489ms (ActiveRecord: 0.0ms | Allocations: 294494)



Webpacker::Manifest::MissingEntryError - Webpacker can't find application in /Users/work/Desktop/aA-github-projects/w6d5/ninety_nine_cats/public/packs/manifest.json. Possible causes:
1. You want to set webpacker.yml value of compile to true for your environment
   unless you are using the `webpack -w` or the webpack-dev-server.
2. webpack has not yet re-run to reflect updates.
3. You have misconfigured Webpacker's config/webpacker.yml file.
4. Your webpack configuration is not creating a manifest.
Your manifest contains:
{
}
:
  app/views/layouts/application.html.erb:9
  app/controllers/cats_controller.rb:7:in `index'

Started POST "/__better_errors/0875eb5eed0989da/variables" for ::1 at 2019-11-01 16:44:18 -0400
Started GET "/cats" for ::1 at 2019-11-01 16:44:18 -0400
Processing by CatsController#index as HTML
  Rendering cats/index.html.erb within layouts/application
  Rendered cats/index.html.erb within layouts/application (Duration: 0.2ms | Allocations: 5)
[Webpacker] Compiling…
[Webpacker] Compilation failed:
/Users/work/.rbenv/versions/2.5.1/bin/ruby: No such file or directory -- ./bin/webpack (LoadError)

Completed 500 Internal Server Error in 722ms (ActiveRecord: 0.0ms | Allocations: 115390)



Webpacker::Manifest::MissingEntryError - Webpacker can't find application in /Users/work/Desktop/aA-github-projects/w6d5/ninety_nine_cats/public/packs/manifest.json. Possible causes:
1. You want to set webpacker.yml value of compile to true for your environment
   unless you are using the `webpack -w` or the webpack-dev-server.
2. webpack has not yet re-run to reflect updates.
3. You have misconfigured Webpacker's config/webpacker.yml file.
4. Your webpack configuration is not creating a manifest.
Your manifest contains:
{
}
:
  app/views/layouts/application.html.erb:9
  app/controllers/cats_controller.rb:7:in `index'

Started POST "/__better_errors/bf448f9803549563/variables" for ::1 at 2019-11-01 16:44:19 -0400
  [1m[35m (442.2ms)[0m  [1m[35mCREATE DATABASE "ninety_nine_cats_development" ENCODING = 'unicode'[0m
  [1m[35m (150.7ms)[0m  [1m[35mCREATE DATABASE "ninety_nine_cats_test" ENCODING = 'unicode'[0m
  [1m[35m (48.7ms)[0m  [1m[35mCREATE TABLE "schema_migrations" ("version" character varying NOT NULL PRIMARY KEY)[0m
  [1m[35m (5.7ms)[0m  [1m[35mCREATE TABLE "ar_internal_metadata" ("key" character varying NOT NULL PRIMARY KEY, "value" character varying, "created_at" timestamp(6) NOT NULL, "updated_at" timestamp(6) NOT NULL)[0m
  [1m[35m (1.2ms)[0m  [1m[34mSELECT "schema_migrations"."version" FROM "schema_migrations" ORDER BY "schema_migrations"."version" ASC[0m
  [1m[35m (1.7ms)[0m  [1m[34mSELECT pg_try_advisory_lock(723150122408807205)[0m
  [1m[35m (3.3ms)[0m  [1m[34mSELECT "schema_migrations"."version" FROM "schema_migrations" ORDER BY "schema_migrations"."version" ASC[0m
Migrating to CreateCats (20191101184819)
  [1m[35m (1.0ms)[0m  [1m[35mBEGIN[0m
  [1m[35m (29.4ms)[0m  [1m[35mCREATE TABLE "cats" ("id" bigserial primary key, "birth_date" date NOT NULL, "color" character varying, "name" character varying NOT NULL, "sex" character varying NOT NULL, "description" character varying, "created_at" timestamp(6) NOT NULL, "updated_at" timestamp(6) NOT NULL)[0m
  [1m[35m (6.6ms)[0m  [1m[35mCREATE  INDEX  "index_cats_on_name" ON "cats"  ("name")[0m
  [1m[35m (5.6ms)[0m  [1m[35mCREATE  INDEX  "index_cats_on_birth_date" ON "cats"  ("birth_date")[0m
  [1m[36mprimary::SchemaMigration Create (12.8ms)[0m  [1m[32mINSERT INTO "schema_migrations" ("version") VALUES ($1) RETURNING "version"[0m  [["version", "20191101184819"]]
  [1m[35m (1.0ms)[0m  [1m[35mCOMMIT[0m
  [1m[36mActiveRecord::InternalMetadata Load (3.8ms)[0m  [1m[34mSELECT "ar_internal_metadata".* FROM "ar_internal_metadata" WHERE "ar_internal_metadata"."key" = $1 LIMIT $2[0m  [["key", "environment"], ["LIMIT", 1]]
  [1m[35m (0.2ms)[0m  [1m[35mBEGIN[0m
  [1m[36mActiveRecord::InternalMetadata Create (2.5ms)[0m  [1m[32mINSERT INTO "ar_internal_metadata" ("key", "value", "created_at", "updated_at") VALUES ($1, $2, $3, $4) RETURNING "key"[0m  [["key", "environment"], ["value", "development"], ["created_at", "2019-11-01 20:58:47.642519"], ["updated_at", "2019-11-01 20:58:47.642519"]]
  [1m[35m (1.6ms)[0m  [1m[35mCOMMIT[0m
  [1m[35m (0.5ms)[0m  [1m[34mSELECT pg_advisory_unlock(723150122408807205)[0m
  [1m[35m (2.5ms)[0m  [1m[34mSELECT "schema_migrations"."version" FROM "schema_migrations" ORDER BY "schema_migrations"."version" ASC[0m
  [1m[35m (1.3ms)[0m  [1m[34mSELECT "schema_migrations"."version" FROM "schema_migrations" ORDER BY "schema_migrations"."version" ASC[0m
  [1m[36mCat Load (5.4ms)[0m  [1m[34mSELECT "cats".* FROM "cats"[0m
  [1m[35m (0.2ms)[0m  [1m[35mBEGIN[0m
  [1m[36mCat Create (1.9ms)[0m  [1m[32mINSERT INTO "cats" ("birth_date", "color", "name", "sex", "description", "created_at", "updated_at") VALUES ($1, $2, $3, $4, $5, $6, $7) RETURNING "id"[0m  [["birth_date", "2001-10-20"], ["color", "grey"], ["name", "Polka"], ["sex", "M"], ["description", "Bomb cat!"], ["created_at", "2019-11-01 20:58:56.134309"], ["updated_at", "2019-11-01 20:58:56.134309"]]
  [1m[35m (0.6ms)[0m  [1m[35mCOMMIT[0m
  [1m[35m (0.3ms)[0m  [1m[35mBEGIN[0m
  [1m[36mCat Create (2.6ms)[0m  [1m[32mINSERT INTO "cats" ("birth_date", "color", "name", "sex", "description", "created_at", "updated_at") VALUES ($1, $2, $3, $4, $5, $6, $7) RETURNING "id"[0m  [["birth_date", "2010-10-20"], ["color", "brown"], ["name", "Chester Cheeto"], ["sex", "M"], ["description", "Dangerously cheesy"], ["created_at", "2019-11-01 20:58:56.153308"], ["updated_at", "2019-11-01 20:58:56.153308"]]
  [1m[35m (0.7ms)[0m  [1m[35mCOMMIT[0m
  [1m[35m (0.2ms)[0m  [1m[35mBEGIN[0m
  [1m[36mCat Create (1.1ms)[0m  [1m[32mINSERT INTO "cats" ("birth_date", "color", "name", "sex", "description", "created_at", "updated_at") VALUES ($1, $2, $3, $4, $5, $6, $7) RETURNING "id"[0m  [["birth_date", "2015-06-06"], ["color", "black"], ["name", "Doja Cat"], ["sex", "F"], ["description", "Definitely a cat"], ["created_at", "2019-11-01 20:58:56.163446"], ["updated_at", "2019-11-01 20:58:56.163446"]]
  [1m[35m (0.5ms)[0m  [1m[35mCOMMIT[0m
Started GET "/" for ::1 at 2019-11-01 16:59:37 -0400
  [1m[35m (1.8ms)[0m  [1m[34mSELECT "schema_migrations"."version" FROM "schema_migrations" ORDER BY "schema_migrations"."version" ASC[0m
Processing by Rails::WelcomeController#index as HTML
  Rendering /Users/jameshubert/.rvm/gems/ruby-2.5.1/gems/railties-6.0.0/lib/rails/templates/rails/welcome/index.html.erb
  Rendered /Users/jameshubert/.rvm/gems/ruby-2.5.1/gems/railties-6.0.0/lib/rails/templates/rails/welcome/index.html.erb (Duration: 20.3ms | Allocations: 469)
Completed 200 OK in 105ms (Views: 32.1ms | ActiveRecord: 0.0ms | Allocations: 2609)


Started GET "/cats" for ::1 at 2019-11-01 17:00:00 -0400
Processing by CatsController#index as HTML
  Rendering cats/index.html.erb within layouts/application
  Rendered cats/index.html.erb within layouts/application (Duration: 3.2ms | Allocations: 88)
[Webpacker] Compiling…
[Webpacker] Compilation failed:
/Users/jameshubert/.rbenv/versions/2.5.1/bin/ruby: No such file or directory -- ./bin/webpack (LoadError)

Completed 500 Internal Server Error in 721ms (ActiveRecord: 0.0ms | Allocations: 298763)



Webpacker::Manifest::MissingEntryError - Webpacker can't find application in /Users/jameshubert/Documents/Programming/AppAcademy/aA-daily-work/W6D5/w6d5-master/public/packs/manifest.json. Possible causes:
1. You want to set webpacker.yml value of compile to true for your environment
   unless you are using the `webpack -w` or the webpack-dev-server.
2. webpack has not yet re-run to reflect updates.
3. You have misconfigured Webpacker's config/webpacker.yml file.
4. Your webpack configuration is not creating a manifest.
Your manifest contains:
{
}
:
  app/views/layouts/application.html.erb:9
  app/controllers/cats_controller.rb:7:in `index'

Started POST "/__better_errors/8c9d67b84103add9/variables" for ::1 at 2019-11-01 17:00:01 -0400
Started GET "/cats" for ::1 at 2019-11-01 17:12:15 -0400
  [1m[35m (3.1ms)[0m  [1m[34mSELECT "schema_migrations"."version" FROM "schema_migrations" ORDER BY "schema_migrations"."version" ASC[0m
Processing by CatsController#index as HTML
  Rendering cats/index.html.erb within layouts/application
  Rendered cats/index.html.erb within layouts/application (Duration: 2.3ms | Allocations: 356)
[Webpacker] Compiling…
Started GET "/" for ::1 at 2019-11-01 17:12:21 -0400
Processing by Rails::WelcomeController#index as HTML
  Rendering /Users/jameshubert/.rvm/gems/ruby-2.5.1/gems/railties-6.0.0/lib/rails/templates/rails/welcome/index.html.erb
  Rendered /Users/jameshubert/.rvm/gems/ruby-2.5.1/gems/railties-6.0.0/lib/rails/templates/rails/welcome/index.html.erb (Duration: 16.9ms | Allocations: 207)
Completed 200 OK in 23ms (Views: 19.3ms | ActiveRecord: 0.0ms | Allocations: 898)


Started GET "/cats" for ::1 at 2019-11-01 17:12:27 -0400
Processing by CatsController#index as HTML
  Rendering cats/index.html.erb within layouts/application
  Rendered cats/index.html.erb within layouts/application (Duration: 2.2ms | Allocations: 85)
[Webpacker] Compiling…
[Webpacker] Compiled all packs in /Users/jameshubert/Documents/Programming/AppAcademy/aA-daily-work/W6D5/w6d5-master/public/packs
Completed 200 OK in 20267ms (Views: 20207.0ms | ActiveRecord: 0.0ms | Allocations: 1557995)


[Webpacker] Compiled all packs in /Users/jameshubert/Documents/Programming/AppAcademy/aA-daily-work/W6D5/w6d5-master/public/packs
Completed 200 OK in 9642ms (Views: 9638.9ms | ActiveRecord: 0.0ms | Allocations: 12585)


Started GET "/cats" for ::1 at 2019-11-01 17:18:35 -0400
Processing by CatsController#index as HTML
  [1m[36mCat Load (6.3ms)[0m  [1m[34mSELECT "cats".* FROM "cats"[0m
  ↳ app/controllers/cats_controller.rb:3:in `index'
  Rendering cats/index.html.erb within layouts/application
  Rendered cats/index.html.erb within layouts/application (Duration: 6.1ms | Allocations: 178)
Completed 200 OK in 183ms (Views: 64.2ms | ActiveRecord: 36.8ms | Allocations: 14256)


Started GET "/cats/6" for ::1 at 2019-11-01 17:21:21 -0400
Processing by CatsController#show as HTML
  Parameters: {"id"=>"6"}
  [1m[36mCat Load (2.2ms)[0m  [1m[34mSELECT "cats".* FROM "cats" WHERE "cats"."id" = $1 LIMIT $2[0m  [["id", 6], ["LIMIT", 1]]
  ↳ app/controllers/cats_controller.rb:9:in `show'
Completed 404 Not Found in 208ms (ActiveRecord: 30.5ms | Allocations: 3435)



ActiveRecord::RecordNotFound - Couldn't find Cat with 'id'=6:
  app/controllers/cats_controller.rb:9:in `show'

Started POST "/__better_errors/d91878e08d1d11f4/variables" for ::1 at 2019-11-01 17:21:23 -0400
Started GET "/cats/4" for ::1 at 2019-11-01 17:21:31 -0400
Processing by CatsController#show as HTML
  Parameters: {"id"=>"4"}
  [1m[36mCat Load (0.9ms)[0m  [1m[34mSELECT "cats".* FROM "cats" WHERE "cats"."id" = $1 LIMIT $2[0m  [["id", 4], ["LIMIT", 1]]
  ↳ app/controllers/cats_controller.rb:9:in `show'
Completed 404 Not Found in 10ms (ActiveRecord: 0.9ms | Allocations: 1597)



ActiveRecord::RecordNotFound - Couldn't find Cat with 'id'=4:
  app/controllers/cats_controller.rb:9:in `show'

Started POST "/__better_errors/0826204a4491d2ea/variables" for ::1 at 2019-11-01 17:21:31 -0400
Started GET "/cats/8" for ::1 at 2019-11-01 17:21:37 -0400
Processing by CatsController#show as HTML
  Parameters: {"id"=>"8"}
  [1m[36mCat Load (0.8ms)[0m  [1m[34mSELECT "cats".* FROM "cats" WHERE "cats"."id" = $1 LIMIT $2[0m  [["id", 8], ["LIMIT", 1]]
  ↳ app/controllers/cats_controller.rb:9:in `show'
Completed 404 Not Found in 6ms (ActiveRecord: 0.8ms | Allocations: 1585)



ActiveRecord::RecordNotFound - Couldn't find Cat with 'id'=8:
  app/controllers/cats_controller.rb:9:in `show'

Started POST "/__better_errors/f4a2728b1e360355/variables" for ::1 at 2019-11-01 17:21:37 -0400
Started GET "/cats/1" for ::1 at 2019-11-01 17:21:43 -0400
Processing by CatsController#show as HTML
  Parameters: {"id"=>"1"}
  [1m[36mCat Load (0.6ms)[0m  [1m[34mSELECT "cats".* FROM "cats" WHERE "cats"."id" = $1 LIMIT $2[0m  [["id", 1], ["LIMIT", 1]]
  ↳ app/controllers/cats_controller.rb:9:in `show'
  Rendering cats/show.html.erb within layouts/application
  Rendered cats/show.html.erb within layouts/application (Duration: 1.8ms | Allocations: 85)
Completed 200 OK in 78ms (Views: 43.6ms | ActiveRecord: 0.6ms | Allocations: 11770)


  [1m[36mCat Load (2.1ms)[0m  [1m[34mSELECT "cats".* FROM "cats"[0m
  [1m[36mCat Load (0.9ms)[0m  [1m[34mSELECT "cats".* FROM "cats" WHERE "cats"."id" = $1 LIMIT $2[0m  [["id", 3], ["LIMIT", 1]]
  [1m[36mCat Load (0.8ms)[0m  [1m[34mSELECT "cats".* FROM "cats" WHERE "cats"."id" = $1 LIMIT $2[0m  [["id", 5], ["LIMIT", 1]]
  [1m[36mCat Load (1.2ms)[0m  [1m[34mSELECT "cats".* FROM "cats" WHERE "cats"."id" = $1 LIMIT $2[0m  [["id", 5], ["LIMIT", 1]]
Started GET "/" for ::1 at 2019-11-01 17:27:49 -0400
  [1m[35m (14.5ms)[0m  [1m[34mSELECT "schema_migrations"."version" FROM "schema_migrations" ORDER BY "schema_migrations"."version" ASC[0m
Processing by Rails::WelcomeController#index as HTML
  Rendering /Users/jameshubert/.rvm/gems/ruby-2.5.1/gems/railties-6.0.0/lib/rails/templates/rails/welcome/index.html.erb
  Rendered /Users/jameshubert/.rvm/gems/ruby-2.5.1/gems/railties-6.0.0/lib/rails/templates/rails/welcome/index.html.erb (Duration: 37.7ms | Allocations: 469)
Completed 200 OK in 187ms (Views: 157.9ms | ActiveRecord: 0.0ms | Allocations: 2708)


Started GET "/cats" for ::1 at 2019-11-01 17:27:56 -0400
Processing by CatsController#index as HTML
  [1m[36mCat Load (1.9ms)[0m  [1m[34mSELECT "cats".* FROM "cats"[0m
  ↳ app/controllers/cats_controller.rb:3:in `index'
  Rendering cats/index.html.erb within layouts/application
  Rendered cats/index.html.erb within layouts/application (Duration: 3.7ms | Allocations: 177)
Completed 200 OK in 9057ms (Views: 8937.3ms | ActiveRecord: 20.2ms | Allocations: 1534639)


Started GET "/cats/1" for ::1 at 2019-11-01 17:28:09 -0400
Processing by CatsController#show as HTML
  Parameters: {"id"=>"1"}
  [1m[36mCat Load (0.8ms)[0m  [1m[34mSELECT "cats".* FROM "cats" WHERE "cats"."id" = $1 LIMIT $2[0m  [["id", 1], ["LIMIT", 1]]
  ↳ app/controllers/cats_controller.rb:9:in `show'
Completed 200 OK in 79ms (Views: 3.4ms | ActiveRecord: 1.1ms | Allocations: 6094)


Started GET "/cats/1" for ::1 at 2019-11-01 17:28:39 -0400
Processing by CatsController#show as HTML
  Parameters: {"id"=>"1"}
  [1m[36mCat Load (1.0ms)[0m  [1m[34mSELECT "cats".* FROM "cats" WHERE "cats"."id" = $1 LIMIT $2[0m  [["id", 1], ["LIMIT", 1]]
  ↳ app/controllers/cats_controller.rb:9:in `show'
  Rendering cats/show.html.erb within layouts/application
  Rendered cats/show.html.erb within layouts/application (Duration: 1.4ms | Allocations: 84)
Completed 200 OK in 181ms (Views: 51.4ms | ActiveRecord: 33.4ms | Allocations: 12980)


Started GET "/cats/1" for ::1 at 2019-11-01 17:35:19 -0400
Processing by CatsController#show as HTML
  Parameters: {"id"=>"1"}
  [1m[36mCat Load (1.6ms)[0m  [1m[34mSELECT "cats".* FROM "cats" WHERE "cats"."id" = $1 LIMIT $2[0m  [["id", 1], ["LIMIT", 1]]
  ↳ app/controllers/cats_controller.rb:9:in `show'
  Rendering cats/show.html.erb within layouts/application
  Rendered cats/show.html.erb within layouts/application (Duration: 8.3ms | Allocations: 242)
Completed 200 OK in 198ms (Views: 150.6ms | ActiveRecord: 2.2ms | Allocations: 7784)


Started GET "/cats/1" for ::1 at 2019-11-01 17:36:24 -0400
Processing by CatsController#show as HTML
  Parameters: {"id"=>"1"}
  [1m[36mCat Load (0.5ms)[0m  [1m[34mSELECT "cats".* FROM "cats" WHERE "cats"."id" = $1 LIMIT $2[0m  [["id", 1], ["LIMIT", 1]]
  ↳ app/controllers/cats_controller.rb:9:in `show'
  Rendering cats/show.html.erb within layouts/application
  Rendered cats/show.html.erb within layouts/application (Duration: 0.8ms | Allocations: 51)
Completed 200 OK in 94ms (Views: 33.8ms | ActiveRecord: 23.6ms | Allocations: 12862)


